2014/05/13 13:21:51 [error] [system.db.CDbCommand] CDbCommand::fetchAll() failed: SQLSTATE[42S02]: Base table or view not found: 1146 Table 'db_frotas.usuario' doesn't exist. The SQL statement executed was: SHOW FULL COLUMNS FROM `usuario`.
in /var/www/frotas/index.php (13)
2014/05/13 13:55:47 [error] [php] Undefined variable: usuarios (/var/www/frotas/protected/views/empresa/create.php:18)
Stack trace:
#0 /var/www/frotas/protected/vendor/framework/web/CController.php(869): EmpresaController->renderFile()
#1 /var/www/frotas/protected/vendor/framework/web/CController.php(782): EmpresaController->renderPartial()
#2 /var/www/frotas/protected/controllers/EmpresaController.php(113): EmpresaController->render()
#3 /var/www/frotas/protected/vendor/framework/web/actions/CInlineAction.php(49): EmpresaController->actionCreate()
#4 /var/www/frotas/protected/vendor/framework/web/CController.php(308): CInlineAction->runWithParams()
#5 /var/www/frotas/protected/vendor/framework/web/filters/CFilterChain.php(133): EmpresaController->runAction()
#6 /var/www/frotas/protected/vendor/framework/web/filters/CFilter.php(40): CFilterChain->run()
#7 /var/www/frotas/protected/vendor/framework/web/CController.php(1145): CAccessControlFilter->filter()
#8 /var/www/frotas/protected/vendor/framework/web/filters/CInlineFilter.php(58): EmpresaController->filterAccessControl()
#9 /var/www/frotas/protected/vendor/framework/web/filters/CFilterChain.php(130): CInlineFilter->filter()
#10 /var/www/frotas/protected/vendor/framework/web/CController.php(291): CFilterChain->run()
#11 /var/www/frotas/protected/vendor/framework/web/CController.php(265): EmpresaController->runActionWithFilters()
#12 /var/www/frotas/protected/vendor/framework/web/CWebApplication.php(282): EmpresaController->run()
#13 /var/www/frotas/protected/vendor/framework/web/CWebApplication.php(141): CWebApplication->runController()
#14 /var/www/frotas/protected/vendor/framework/base/CApplication.php(180): CWebApplication->processRequest()
#15 /var/www/frotas/index.php(13): CWebApplication->run()
REQUEST_URI=/frotas/index.php?r=empresa/create
in /var/www/frotas/protected/views/empresa/create.php (18)
in /var/www/frotas/protected/controllers/EmpresaController.php (113)
in /var/www/frotas/index.php (13)
2014/05/13 13:56:12 [error] [php] Undefined variable: usuarios (/var/www/frotas/protected/views/empresa/create.php:18)
Stack trace:
#0 /var/www/frotas/protected/vendor/framework/web/CController.php(869): EmpresaController->renderFile()
#1 /var/www/frotas/protected/vendor/framework/web/CController.php(782): EmpresaController->renderPartial()
#2 /var/www/frotas/protected/controllers/EmpresaController.php(113): EmpresaController->render()
#3 /var/www/frotas/protected/vendor/framework/web/actions/CInlineAction.php(49): EmpresaController->actionCreate()
#4 /var/www/frotas/protected/vendor/framework/web/CController.php(308): CInlineAction->runWithParams()
#5 /var/www/frotas/protected/vendor/framework/web/filters/CFilterChain.php(133): EmpresaController->runAction()
#6 /var/www/frotas/protected/vendor/framework/web/filters/CFilter.php(40): CFilterChain->run()
#7 /var/www/frotas/protected/vendor/framework/web/CController.php(1145): CAccessControlFilter->filter()
#8 /var/www/frotas/protected/vendor/framework/web/filters/CInlineFilter.php(58): EmpresaController->filterAccessControl()
#9 /var/www/frotas/protected/vendor/framework/web/filters/CFilterChain.php(130): CInlineFilter->filter()
#10 /var/www/frotas/protected/vendor/framework/web/CController.php(291): CFilterChain->run()
#11 /var/www/frotas/protected/vendor/framework/web/CController.php(265): EmpresaController->runActionWithFilters()
#12 /var/www/frotas/protected/vendor/framework/web/CWebApplication.php(282): EmpresaController->run()
#13 /var/www/frotas/protected/vendor/framework/web/CWebApplication.php(141): CWebApplication->runController()
#14 /var/www/frotas/protected/vendor/framework/base/CApplication.php(180): CWebApplication->processRequest()
#15 /var/www/frotas/index.php(13): CWebApplication->run()
REQUEST_URI=/frotas/index.php?r=empresa/create
in /var/www/frotas/protected/views/empresa/create.php (18)
in /var/www/frotas/protected/controllers/EmpresaController.php (113)
in /var/www/frotas/index.php (13)
2014/05/13 13:56:24 [error] [exception.CException] exception 'CException' with message 'Property "Usuarios.loginUsuarios" is not defined.' in /var/www/frotas/protected/vendor/framework/base/CComponent.php:130
Stack trace:
#0 /var/www/frotas/protected/vendor/framework/db/ar/CActiveRecord.php(145): CComponent->__get('loginUsuarios')
#1 /var/www/frotas/protected/vendor/framework/web/helpers/CHtml.php(2529): CActiveRecord->__get('loginUsuarios')
#2 /var/www/frotas/protected/vendor/framework/web/helpers/CHtml.php(2252): CHtml::resolveValue(Object(Usuarios), 'loginUsuarios')
#3 /var/www/frotas/protected/vendor/framework/web/helpers/CHtml.php(1434): CHtml::activeInputField('text', Object(Usuarios), 'loginUsuarios', Array)
#4 /var/www/frotas/protected/vendor/framework/web/widgets/CActiveForm.php(725): CHtml::activeTextField(Object(Usuarios), 'loginUsuarios', Array)
#5 /var/www/frotas/protected/views/empresa/_form.php(121): CActiveForm->textField(Object(Usuarios), 'loginUsuarios')
#6 /var/www/frotas/protected/vendor/framework/web/CBaseController.php(126): require('/var/www/frotas...')
#7 /var/www/frotas/protected/vendor/framework/web/CBaseController.php(95): CBaseController->renderInternal('/var/www/frotas...', Array, true)
#8 /var/www/frotas/protected/vendor/framework/web/CController.php(869): CBaseController->renderFile('/var/www/frotas...', Array, true)
#9 /var/www/frotas/protected/views/empresa/create.php(18): CController->renderPartial('_form', Array)
#10 /var/www/frotas/protected/vendor/framework/web/CBaseController.php(126): require('/var/www/frotas...')
#11 /var/www/frotas/protected/vendor/framework/web/CBaseController.php(95): CBaseController->renderInternal('/var/www/frotas...', Array, true)
#12 /var/www/frotas/protected/vendor/framework/web/CController.php(869): CBaseController->renderFile('/var/www/frotas...', Array, true)
#13 /var/www/frotas/protected/vendor/framework/web/CController.php(782): CController->renderPartial('create', Array, true)
#14 /var/www/frotas/protected/controllers/EmpresaController.php(113): CController->render('create', Array)
#15 /var/www/frotas/protected/vendor/framework/web/actions/CInlineAction.php(49): EmpresaController->actionCreate()
#16 /var/www/frotas/protected/vendor/framework/web/CController.php(308): CInlineAction->runWithParams(Array)
#17 /var/www/frotas/protected/vendor/framework/web/filters/CFilterChain.php(133): CController->runAction(Object(CInlineAction))
#18 /var/www/frotas/protected/vendor/framework/web/filters/CFilter.php(40): CFilterChain->run()
#19 /var/www/frotas/protected/vendor/framework/web/CController.php(1145): CFilter->filter(Object(CFilterChain))
#20 /var/www/frotas/protected/vendor/framework/web/filters/CInlineFilter.php(58): CController->filterAccessControl(Object(CFilterChain))
#21 /var/www/frotas/protected/vendor/framework/web/filters/CFilterChain.php(130): CInlineFilter->filter(Object(CFilterChain))
#22 /var/www/frotas/protected/vendor/framework/web/CController.php(291): CFilterChain->run()
#23 /var/www/frotas/protected/vendor/framework/web/CController.php(265): CController->runActionWithFilters(Object(CInlineAction), Array)
#24 /var/www/frotas/protected/vendor/framework/web/CWebApplication.php(282): CController->run('create')
#25 /var/www/frotas/protected/vendor/framework/web/CWebApplication.php(141): CWebApplication->runController('empresa/create')
#26 /var/www/frotas/protected/vendor/framework/base/CApplication.php(180): CWebApplication->processRequest()
#27 /var/www/frotas/index.php(13): CApplication->run()
#28 {main}
REQUEST_URI=/frotas/index.php?r=empresa/create
HTTP_REFERER=http://localhost/frotas/index.php?r=site/login
---
2014/05/13 14:08:34 [error] [php] Undefined index: Usuarios (/var/www/frotas/protected/controllers/EmpresaController.php:102)
Stack trace:
#0 /var/www/frotas/protected/vendor/framework/web/filters/CFilterChain.php(133): EmpresaController->runAction()
#1 /var/www/frotas/protected/vendor/framework/web/filters/CFilter.php(40): CFilterChain->run()
#2 /var/www/frotas/protected/vendor/framework/web/CController.php(1145): CAccessControlFilter->filter()
#3 /var/www/frotas/protected/vendor/framework/web/filters/CInlineFilter.php(58): EmpresaController->filterAccessControl()
#4 /var/www/frotas/protected/vendor/framework/web/filters/CFilterChain.php(130): CInlineFilter->filter()
#5 /var/www/frotas/protected/vendor/framework/web/CController.php(291): CFilterChain->run()
#6 /var/www/frotas/protected/vendor/framework/web/CController.php(265): EmpresaController->runActionWithFilters()
#7 /var/www/frotas/protected/vendor/framework/web/CWebApplication.php(282): EmpresaController->run()
#8 /var/www/frotas/protected/vendor/framework/web/CWebApplication.php(141): CWebApplication->runController()
#9 /var/www/frotas/protected/vendor/framework/base/CApplication.php(180): CWebApplication->processRequest()
#10 /var/www/frotas/index.php(13): CWebApplication->run()
REQUEST_URI=/frotas/index.php?r=empresa/create
in /var/www/frotas/protected/controllers/EmpresaController.php (102)
in /var/www/frotas/index.php (13)
2014/05/13 14:09:02 [error] [php] Undefined index: Usuario (/var/www/frotas/protected/controllers/EmpresaController.php:102)
Stack trace:
#0 /var/www/frotas/protected/vendor/framework/web/filters/CFilterChain.php(133): EmpresaController->runAction()
#1 /var/www/frotas/protected/vendor/framework/web/filters/CFilter.php(40): CFilterChain->run()
#2 /var/www/frotas/protected/vendor/framework/web/CController.php(1145): CAccessControlFilter->filter()
#3 /var/www/frotas/protected/vendor/framework/web/filters/CInlineFilter.php(58): EmpresaController->filterAccessControl()
#4 /var/www/frotas/protected/vendor/framework/web/filters/CFilterChain.php(130): CInlineFilter->filter()
#5 /var/www/frotas/protected/vendor/framework/web/CController.php(291): CFilterChain->run()
#6 /var/www/frotas/protected/vendor/framework/web/CController.php(265): EmpresaController->runActionWithFilters()
#7 /var/www/frotas/protected/vendor/framework/web/CWebApplication.php(282): EmpresaController->run()
#8 /var/www/frotas/protected/vendor/framework/web/CWebApplication.php(141): CWebApplication->runController()
#9 /var/www/frotas/protected/vendor/framework/base/CApplication.php(180): CWebApplication->processRequest()
#10 /var/www/frotas/index.php(13): CWebApplication->run()
REQUEST_URI=/frotas/index.php?r=empresa/create
in /var/www/frotas/protected/controllers/EmpresaController.php (102)
in /var/www/frotas/index.php (13)
2014/05/13 14:12:15 [error] [php] Undefined index: Usuario (/var/www/frotas/protected/controllers/EmpresaController.php:104)
Stack trace:
#0 /var/www/frotas/protected/vendor/framework/web/filters/CFilterChain.php(133): EmpresaController->runAction()
#1 /var/www/frotas/protected/vendor/framework/web/filters/CFilter.php(40): CFilterChain->run()
#2 /var/www/frotas/protected/vendor/framework/web/CController.php(1145): CAccessControlFilter->filter()
#3 /var/www/frotas/protected/vendor/framework/web/filters/CInlineFilter.php(58): EmpresaController->filterAccessControl()
#4 /var/www/frotas/protected/vendor/framework/web/filters/CFilterChain.php(130): CInlineFilter->filter()
#5 /var/www/frotas/protected/vendor/framework/web/CController.php(291): CFilterChain->run()
#6 /var/www/frotas/protected/vendor/framework/web/CController.php(265): EmpresaController->runActionWithFilters()
#7 /var/www/frotas/protected/vendor/framework/web/CWebApplication.php(282): EmpresaController->run()
#8 /var/www/frotas/protected/vendor/framework/web/CWebApplication.php(141): CWebApplication->runController()
#9 /var/www/frotas/protected/vendor/framework/base/CApplication.php(180): CWebApplication->processRequest()
#10 /var/www/frotas/index.php(13): CWebApplication->run()
REQUEST_URI=/frotas/index.php?r=empresa/create
in /var/www/frotas/protected/controllers/EmpresaController.php (104)
in /var/www/frotas/index.php (13)
2014/05/13 14:15:18 [error] [php] Undefined index: Usuarios (/var/www/frotas/protected/controllers/EmpresaController.php:104)
Stack trace:
#0 /var/www/frotas/protected/vendor/framework/web/filters/CFilterChain.php(133): EmpresaController->runAction()
#1 /var/www/frotas/protected/vendor/framework/web/filters/CFilter.php(40): CFilterChain->run()
#2 /var/www/frotas/protected/vendor/framework/web/CController.php(1145): CAccessControlFilter->filter()
#3 /var/www/frotas/protected/vendor/framework/web/filters/CInlineFilter.php(58): EmpresaController->filterAccessControl()
#4 /var/www/frotas/protected/vendor/framework/web/filters/CFilterChain.php(130): CInlineFilter->filter()
#5 /var/www/frotas/protected/vendor/framework/web/CController.php(291): CFilterChain->run()
#6 /var/www/frotas/protected/vendor/framework/web/CController.php(265): EmpresaController->runActionWithFilters()
#7 /var/www/frotas/protected/vendor/framework/web/CWebApplication.php(282): EmpresaController->run()
#8 /var/www/frotas/protected/vendor/framework/web/CWebApplication.php(141): CWebApplication->runController()
#9 /var/www/frotas/protected/vendor/framework/base/CApplication.php(180): CWebApplication->processRequest()
#10 /var/www/frotas/index.php(13): CWebApplication->run()
REQUEST_URI=/frotas/index.php?r=empresa/create
in /var/www/frotas/protected/controllers/EmpresaController.php (104)
in /var/www/frotas/index.php (13)
2014/05/13 14:16:02 [error] [php] Undefined index: Usuarios (/var/www/frotas/protected/controllers/EmpresaController.php:104)
Stack trace:
#0 /var/www/frotas/protected/vendor/framework/web/filters/CFilterChain.php(133): EmpresaController->runAction()
#1 /var/www/frotas/protected/vendor/framework/web/filters/CFilter.php(40): CFilterChain->run()
#2 /var/www/frotas/protected/vendor/framework/web/CController.php(1145): CAccessControlFilter->filter()
#3 /var/www/frotas/protected/vendor/framework/web/filters/CInlineFilter.php(58): EmpresaController->filterAccessControl()
#4 /var/www/frotas/protected/vendor/framework/web/filters/CFilterChain.php(130): CInlineFilter->filter()
#5 /var/www/frotas/protected/vendor/framework/web/CController.php(291): CFilterChain->run()
#6 /var/www/frotas/protected/vendor/framework/web/CController.php(265): EmpresaController->runActionWithFilters()
#7 /var/www/frotas/protected/vendor/framework/web/CWebApplication.php(282): EmpresaController->run()
#8 /var/www/frotas/protected/vendor/framework/web/CWebApplication.php(141): CWebApplication->runController()
#9 /var/www/frotas/protected/vendor/framework/base/CApplication.php(180): CWebApplication->processRequest()
#10 /var/www/frotas/index.php(13): CWebApplication->run()
REQUEST_URI=/frotas/index.php?r=empresa/create
in /var/www/frotas/protected/controllers/EmpresaController.php (104)
in /var/www/frotas/index.php (13)
2014/05/13 14:33:37 [error] [php] Undefined index: Usuarios (/var/www/frotas/protected/controllers/EmpresaController.php:104)
Stack trace:
#0 /var/www/frotas/protected/vendor/framework/web/filters/CFilterChain.php(133): EmpresaController->runAction()
#1 /var/www/frotas/protected/vendor/framework/web/filters/CFilter.php(40): CFilterChain->run()
#2 /var/www/frotas/protected/vendor/framework/web/CController.php(1145): CAccessControlFilter->filter()
#3 /var/www/frotas/protected/vendor/framework/web/filters/CInlineFilter.php(58): EmpresaController->filterAccessControl()
#4 /var/www/frotas/protected/vendor/framework/web/filters/CFilterChain.php(130): CInlineFilter->filter()
#5 /var/www/frotas/protected/vendor/framework/web/CController.php(291): CFilterChain->run()
#6 /var/www/frotas/protected/vendor/framework/web/CController.php(265): EmpresaController->runActionWithFilters()
#7 /var/www/frotas/protected/vendor/framework/web/CWebApplication.php(282): EmpresaController->run()
#8 /var/www/frotas/protected/vendor/framework/web/CWebApplication.php(141): CWebApplication->runController()
#9 /var/www/frotas/protected/vendor/framework/base/CApplication.php(180): CWebApplication->processRequest()
#10 /var/www/frotas/index.php(13): CWebApplication->run()
REQUEST_URI=/frotas/index.php?r=empresa/create
in /var/www/frotas/protected/controllers/EmpresaController.php (104)
in /var/www/frotas/index.php (13)
2014/05/13 14:37:28 [error] [php] Undefined index: Usuarios (/var/www/frotas/protected/controllers/EmpresaController.php:104)
Stack trace:
#0 /var/www/frotas/protected/vendor/framework/web/filters/CFilterChain.php(133): EmpresaController->runAction()
#1 /var/www/frotas/protected/vendor/framework/web/filters/CFilter.php(40): CFilterChain->run()
#2 /var/www/frotas/protected/vendor/framework/web/CController.php(1145): CAccessControlFilter->filter()
#3 /var/www/frotas/protected/vendor/framework/web/filters/CInlineFilter.php(58): EmpresaController->filterAccessControl()
#4 /var/www/frotas/protected/vendor/framework/web/filters/CFilterChain.php(130): CInlineFilter->filter()
#5 /var/www/frotas/protected/vendor/framework/web/CController.php(291): CFilterChain->run()
#6 /var/www/frotas/protected/vendor/framework/web/CController.php(265): EmpresaController->runActionWithFilters()
#7 /var/www/frotas/protected/vendor/framework/web/CWebApplication.php(282): EmpresaController->run()
#8 /var/www/frotas/protected/vendor/framework/web/CWebApplication.php(141): CWebApplication->runController()
#9 /var/www/frotas/protected/vendor/framework/base/CApplication.php(180): CWebApplication->processRequest()
#10 /var/www/frotas/index.php(13): CWebApplication->run()
REQUEST_URI=/frotas/index.php?r=empresa/create
in /var/www/frotas/protected/controllers/EmpresaController.php (104)
in /var/www/frotas/index.php (13)
2014/05/13 14:52:14 [error] [php] Undefined index: Usuarios (/var/www/frotas/protected/controllers/EmpresaController.php:104)
Stack trace:
#0 /var/www/frotas/protected/vendor/framework/web/filters/CFilterChain.php(133): EmpresaController->runAction()
#1 /var/www/frotas/protected/vendor/framework/web/filters/CFilter.php(40): CFilterChain->run()
#2 /var/www/frotas/protected/vendor/framework/web/CController.php(1145): CAccessControlFilter->filter()
#3 /var/www/frotas/protected/vendor/framework/web/filters/CInlineFilter.php(58): EmpresaController->filterAccessControl()
#4 /var/www/frotas/protected/vendor/framework/web/filters/CFilterChain.php(130): CInlineFilter->filter()
#5 /var/www/frotas/protected/vendor/framework/web/CController.php(291): CFilterChain->run()
#6 /var/www/frotas/protected/vendor/framework/web/CController.php(265): EmpresaController->runActionWithFilters()
#7 /var/www/frotas/protected/vendor/framework/web/CWebApplication.php(282): EmpresaController->run()
#8 /var/www/frotas/protected/vendor/framework/web/CWebApplication.php(141): CWebApplication->runController()
#9 /var/www/frotas/protected/vendor/framework/base/CApplication.php(180): CWebApplication->processRequest()
#10 /var/www/frotas/index.php(13): CWebApplication->run()
REQUEST_URI=/frotas/index.php?r=empresa/create
in /var/www/frotas/protected/controllers/EmpresaController.php (104)
in /var/www/frotas/index.php (13)
2014/05/13 14:53:09 [error] [php] Undefined index: login (/var/www/frotas/protected/controllers/EmpresaController.php:104)
Stack trace:
#0 /var/www/frotas/protected/vendor/framework/web/filters/CFilterChain.php(133): EmpresaController->runAction()
#1 /var/www/frotas/protected/vendor/framework/web/filters/CFilter.php(40): CFilterChain->run()
#2 /var/www/frotas/protected/vendor/framework/web/CController.php(1145): CAccessControlFilter->filter()
#3 /var/www/frotas/protected/vendor/framework/web/filters/CInlineFilter.php(58): EmpresaController->filterAccessControl()
#4 /var/www/frotas/protected/vendor/framework/web/filters/CFilterChain.php(130): CInlineFilter->filter()
#5 /var/www/frotas/protected/vendor/framework/web/CController.php(291): CFilterChain->run()
#6 /var/www/frotas/protected/vendor/framework/web/CController.php(265): EmpresaController->runActionWithFilters()
#7 /var/www/frotas/protected/vendor/framework/web/CWebApplication.php(282): EmpresaController->run()
#8 /var/www/frotas/protected/vendor/framework/web/CWebApplication.php(141): CWebApplication->runController()
#9 /var/www/frotas/protected/vendor/framework/base/CApplication.php(180): CWebApplication->processRequest()
#10 /var/www/frotas/index.php(13): CWebApplication->run()
REQUEST_URI=/frotas/index.php?r=empresa/create
in /var/www/frotas/protected/controllers/EmpresaController.php (104)
in /var/www/frotas/index.php (13)
2014/05/13 14:54:26 [error] [php] Undefined index: Login (/var/www/frotas/protected/controllers/EmpresaController.php:104)
Stack trace:
#0 /var/www/frotas/protected/vendor/framework/web/filters/CFilterChain.php(133): EmpresaController->runAction()
#1 /var/www/frotas/protected/vendor/framework/web/filters/CFilter.php(40): CFilterChain->run()
#2 /var/www/frotas/protected/vendor/framework/web/CController.php(1145): CAccessControlFilter->filter()
#3 /var/www/frotas/protected/vendor/framework/web/filters/CInlineFilter.php(58): EmpresaController->filterAccessControl()
#4 /var/www/frotas/protected/vendor/framework/web/filters/CFilterChain.php(130): CInlineFilter->filter()
#5 /var/www/frotas/protected/vendor/framework/web/CController.php(291): CFilterChain->run()
#6 /var/www/frotas/protected/vendor/framework/web/CController.php(265): EmpresaController->runActionWithFilters()
#7 /var/www/frotas/protected/vendor/framework/web/CWebApplication.php(282): EmpresaController->run()
#8 /var/www/frotas/protected/vendor/framework/web/CWebApplication.php(141): CWebApplication->runController()
#9 /var/www/frotas/protected/vendor/framework/base/CApplication.php(180): CWebApplication->processRequest()
#10 /var/www/frotas/index.php(13): CWebApplication->run()
REQUEST_URI=/frotas/index.php?r=empresa/create
in /var/www/frotas/protected/controllers/EmpresaController.php (104)
in /var/www/frotas/index.php (13)
2014/05/13 15:01:42 [error] [exception.CException] exception 'CException' with message 'Property "Empresa.idEmpresa" is not defined.' in /var/www/frotas/protected/vendor/framework/base/CComponent.php:130
Stack trace:
#0 /var/www/frotas/protected/vendor/framework/db/ar/CActiveRecord.php(145): CComponent->__get('idEmpresa')
#1 /var/www/frotas/protected/controllers/EmpresaController.php(108): CActiveRecord->__get('idEmpresa')
#2 /var/www/frotas/protected/vendor/framework/web/actions/CInlineAction.php(49): EmpresaController->actionCreate()
#3 /var/www/frotas/protected/vendor/framework/web/CController.php(308): CInlineAction->runWithParams(Array)
#4 /var/www/frotas/protected/vendor/framework/web/filters/CFilterChain.php(133): CController->runAction(Object(CInlineAction))
#5 /var/www/frotas/protected/vendor/framework/web/filters/CFilter.php(40): CFilterChain->run()
#6 /var/www/frotas/protected/vendor/framework/web/CController.php(1145): CFilter->filter(Object(CFilterChain))
#7 /var/www/frotas/protected/vendor/framework/web/filters/CInlineFilter.php(58): CController->filterAccessControl(Object(CFilterChain))
#8 /var/www/frotas/protected/vendor/framework/web/filters/CFilterChain.php(130): CInlineFilter->filter(Object(CFilterChain))
#9 /var/www/frotas/protected/vendor/framework/web/CController.php(291): CFilterChain->run()
#10 /var/www/frotas/protected/vendor/framework/web/CController.php(265): CController->runActionWithFilters(Object(CInlineAction), Array)
#11 /var/www/frotas/protected/vendor/framework/web/CWebApplication.php(282): CController->run('create')
#12 /var/www/frotas/protected/vendor/framework/web/CWebApplication.php(141): CWebApplication->runController('empresa/create')
#13 /var/www/frotas/protected/vendor/framework/base/CApplication.php(180): CWebApplication->processRequest()
#14 /var/www/frotas/index.php(13): CApplication->run()
#15 {main}
REQUEST_URI=/frotas/index.php?r=empresa/create
HTTP_REFERER=http://localhost/frotas/index.php?r=empresa/create
---
2014/05/13 15:08:30 [error] [php] Undefined variable: usuarios (/var/www/frotas/protected/views/empresa/view.php:42)
Stack trace:
#0 /var/www/frotas/protected/vendor/framework/web/CController.php(869): EmpresaController->renderFile()
#1 /var/www/frotas/protected/vendor/framework/web/CController.php(782): EmpresaController->renderPartial()
#2 /var/www/frotas/protected/controllers/EmpresaController.php(56): EmpresaController->render()
#3 unknown(0): EmpresaController->actionView()
#4 /var/www/frotas/protected/vendor/framework/web/actions/CAction.php(108): ReflectionMethod->invokeArgs()
#5 /var/www/frotas/protected/vendor/framework/web/actions/CInlineAction.php(47): CInlineAction->runWithParamsInternal()
#6 /var/www/frotas/protected/vendor/framework/web/CController.php(308): CInlineAction->runWithParams()
#7 /var/www/frotas/protected/vendor/framework/web/filters/CFilterChain.php(133): EmpresaController->runAction()
#8 /var/www/frotas/protected/vendor/framework/web/filters/CFilter.php(40): CFilterChain->run()
#9 /var/www/frotas/protected/vendor/framework/web/CController.php(1145): CAccessControlFilter->filter()
#10 /var/www/frotas/protected/vendor/framework/web/filters/CInlineFilter.php(58): EmpresaController->filterAccessControl()
#11 /var/www/frotas/protected/vendor/framework/web/filters/CFilterChain.php(130): CInlineFilter->filter()
#12 /var/www/frotas/protected/vendor/framework/web/CController.php(291): CFilterChain->run()
#13 /var/www/frotas/protected/vendor/framework/web/CController.php(265): EmpresaController->runActionWithFilters()
#14 /var/www/frotas/protected/vendor/framework/web/CWebApplication.php(282): EmpresaController->run()
#15 /var/www/frotas/protected/vendor/framework/web/CWebApplication.php(141): CWebApplication->runController()
#16 /var/www/frotas/protected/vendor/framework/base/CApplication.php(180): CWebApplication->processRequest()
#17 /var/www/frotas/index.php(13): CWebApplication->run()
REQUEST_URI=/frotas/index.php?r=empresa/view&id=14
in /var/www/frotas/protected/views/empresa/view.php (42)
in /var/www/frotas/protected/controllers/EmpresaController.php (56)
in /var/www/frotas/index.php (13)
2014/05/13 15:26:52 [error] [system.db.CDbCommand] CDbCommand::execute() failed: SQLSTATE[23000]: Integrity constraint violation: 1062 Duplicate entry '0' for key 'PRIMARY'. The SQL statement executed was: INSERT INTO `empresa` (`nome_fantasia`, `razao_social`, `responsavel_proprietario`, `endereco`, `estado`, `cidade`, `telefone`, `celular`, `email`, `cnpj`, `inscricao_estadual`, `inscricao_municipal`, `atividade`, `data_cadastro`, `hora_cadastro`, `status_cadastro`) VALUES (:yp0, :yp1, :yp2, :yp3, :yp4, :yp5, :yp6, :yp7, :yp8, :yp9, :yp10, :yp11, :yp12, :yp13, :yp14, :yp15).
in /var/www/frotas/protected/controllers/EmpresaController.php (75)
in /var/www/frotas/index.php (13)
2014/05/13 15:26:52 [error] [exception.CDbException] exception 'CDbException' with message 'CDbCommand failed to execute the SQL statement: SQLSTATE[23000]: Integrity constraint violation: 1062 Duplicate entry '0' for key 'PRIMARY'. The SQL statement executed was: INSERT INTO `empresa` (`nome_fantasia`, `razao_social`, `responsavel_proprietario`, `endereco`, `estado`, `cidade`, `telefone`, `celular`, `email`, `cnpj`, `inscricao_estadual`, `inscricao_municipal`, `atividade`, `data_cadastro`, `hora_cadastro`, `status_cadastro`) VALUES (:yp0, :yp1, :yp2, :yp3, :yp4, :yp5, :yp6, :yp7, :yp8, :yp9, :yp10, :yp11, :yp12, :yp13, :yp14, :yp15)' in /var/www/frotas/protected/vendor/framework/db/CDbCommand.php:358
Stack trace:
#0 /var/www/frotas/protected/vendor/framework/db/ar/CActiveRecord.php(1077): CDbCommand->execute()
#1 /var/www/frotas/protected/vendor/framework/db/ar/CActiveRecord.php(806): CActiveRecord->insert(NULL)
#2 /var/www/frotas/protected/controllers/EmpresaController.php(75): CActiveRecord->save()
#3 /var/www/frotas/protected/vendor/framework/web/actions/CInlineAction.php(49): EmpresaController->actionCreate()
#4 /var/www/frotas/protected/vendor/framework/web/CController.php(308): CInlineAction->runWithParams(Array)
#5 /var/www/frotas/protected/vendor/framework/web/filters/CFilterChain.php(133): CController->runAction(Object(CInlineAction))
#6 /var/www/frotas/protected/vendor/framework/web/filters/CFilter.php(40): CFilterChain->run()
#7 /var/www/frotas/protected/vendor/framework/web/CController.php(1145): CFilter->filter(Object(CFilterChain))
#8 /var/www/frotas/protected/vendor/framework/web/filters/CInlineFilter.php(58): CController->filterAccessControl(Object(CFilterChain))
#9 /var/www/frotas/protected/vendor/framework/web/filters/CFilterChain.php(130): CInlineFilter->filter(Object(CFilterChain))
#10 /var/www/frotas/protected/vendor/framework/web/CController.php(291): CFilterChain->run()
#11 /var/www/frotas/protected/vendor/framework/web/CController.php(265): CController->runActionWithFilters(Object(CInlineAction), Array)
#12 /var/www/frotas/protected/vendor/framework/web/CWebApplication.php(282): CController->run('create')
#13 /var/www/frotas/protected/vendor/framework/web/CWebApplication.php(141): CWebApplication->runController('empresa/create')
#14 /var/www/frotas/protected/vendor/framework/base/CApplication.php(180): CWebApplication->processRequest()
#15 /var/www/frotas/index.php(13): CApplication->run()
#16 {main}
REQUEST_URI=/frotas/index.php?r=empresa/create
HTTP_REFERER=http://localhost/frotas/index.php?r=empresa/create
---
2014/05/13 16:06:16 [error] [php] Undefined variable: funcionarios (/var/www/frotas/protected/controllers/FuncionariosController.php:79)
Stack trace:
#0 /var/www/frotas/protected/vendor/framework/web/filters/CFilterChain.php(133): FuncionariosController->runAction()
#1 /var/www/frotas/protected/vendor/framework/web/filters/CFilter.php(40): CFilterChain->run()
#2 /var/www/frotas/protected/vendor/framework/web/CController.php(1145): CAccessControlFilter->filter()
#3 /var/www/frotas/protected/vendor/framework/web/filters/CInlineFilter.php(58): FuncionariosController->filterAccessControl()
#4 /var/www/frotas/protected/vendor/framework/web/filters/CFilterChain.php(130): CInlineFilter->filter()
#5 /var/www/frotas/protected/vendor/framework/web/CController.php(291): CFilterChain->run()
#6 /var/www/frotas/protected/vendor/framework/web/CController.php(265): FuncionariosController->runActionWithFilters()
#7 /var/www/frotas/protected/vendor/framework/web/CWebApplication.php(282): FuncionariosController->run()
#8 /var/www/frotas/protected/vendor/framework/web/CWebApplication.php(141): CWebApplication->runController()
#9 /var/www/frotas/protected/vendor/framework/base/CApplication.php(180): CWebApplication->processRequest()
#10 /var/www/frotas/index.php(13): CWebApplication->run()
REQUEST_URI=/frotas/index.php?r=funcionarios/create
in /var/www/frotas/protected/controllers/FuncionariosController.php (79)
in /var/www/frotas/index.php (13)
2014/05/14 01:10:16 [error] [php] Undefined variable: frotas (/var/www/frotas/protected/views/veiculos/create.php:18)
Stack trace:
#0 /var/www/frotas/protected/vendor/framework/web/CController.php(869): VeiculosController->renderFile()
#1 /var/www/frotas/protected/vendor/framework/web/CController.php(782): VeiculosController->renderPartial()
#2 /var/www/frotas/protected/controllers/VeiculosController.php(90): VeiculosController->render()
#3 /var/www/frotas/protected/vendor/framework/web/actions/CInlineAction.php(49): VeiculosController->actionCreate()
#4 /var/www/frotas/protected/vendor/framework/web/CController.php(308): CInlineAction->runWithParams()
#5 /var/www/frotas/protected/vendor/framework/web/filters/CFilterChain.php(133): VeiculosController->runAction()
#6 /var/www/frotas/protected/vendor/framework/web/filters/CFilter.php(40): CFilterChain->run()
#7 /var/www/frotas/protected/vendor/framework/web/CController.php(1145): CAccessControlFilter->filter()
#8 /var/www/frotas/protected/vendor/framework/web/filters/CInlineFilter.php(58): VeiculosController->filterAccessControl()
#9 /var/www/frotas/protected/vendor/framework/web/filters/CFilterChain.php(130): CInlineFilter->filter()
#10 /var/www/frotas/protected/vendor/framework/web/CController.php(291): CFilterChain->run()
#11 /var/www/frotas/protected/vendor/framework/web/CController.php(265): VeiculosController->runActionWithFilters()
#12 /var/www/frotas/protected/vendor/framework/web/CWebApplication.php(282): VeiculosController->run()
#13 /var/www/frotas/protected/vendor/framework/web/CWebApplication.php(141): CWebApplication->runController()
#14 /var/www/frotas/protected/vendor/framework/base/CApplication.php(180): CWebApplication->processRequest()
#15 /var/www/frotas/index.php(13): CWebApplication->run()
REQUEST_URI=/frotas/index.php?r=veiculos/create
in /var/www/frotas/protected/views/veiculos/create.php (18)
in /var/www/frotas/protected/controllers/VeiculosController.php (90)
in /var/www/frotas/index.php (13)
2014/05/14 01:10:43 [error] [php] Undefined variable: Cargo (/var/www/frotas/protected/views/veiculos/_form.php:97)
Stack trace:
#0 /var/www/frotas/protected/vendor/framework/web/CController.php(869): VeiculosController->renderFile()
#1 /var/www/frotas/protected/views/veiculos/create.php(18): VeiculosController->renderPartial()
#2 /var/www/frotas/protected/vendor/framework/web/CBaseController.php(126): require()
#3 /var/www/frotas/protected/vendor/framework/web/CBaseController.php(95): VeiculosController->renderInternal()
#4 /var/www/frotas/protected/vendor/framework/web/CController.php(869): VeiculosController->renderFile()
#5 /var/www/frotas/protected/vendor/framework/web/CController.php(782): VeiculosController->renderPartial()
#6 /var/www/frotas/protected/controllers/VeiculosController.php(91): VeiculosController->render()
#7 /var/www/frotas/protected/vendor/framework/web/actions/CInlineAction.php(49): VeiculosController->actionCreate()
#8 /var/www/frotas/protected/vendor/framework/web/CController.php(308): CInlineAction->runWithParams()
#9 /var/www/frotas/protected/vendor/framework/web/filters/CFilterChain.php(133): VeiculosController->runAction()
#10 /var/www/frotas/protected/vendor/framework/web/filters/CFilter.php(40): CFilterChain->run()
#11 /var/www/frotas/protected/vendor/framework/web/CController.php(1145): CAccessControlFilter->filter()
#12 /var/www/frotas/protected/vendor/framework/web/filters/CInlineFilter.php(58): VeiculosController->filterAccessControl()
#13 /var/www/frotas/protected/vendor/framework/web/filters/CFilterChain.php(130): CInlineFilter->filter()
#14 /var/www/frotas/protected/vendor/framework/web/CController.php(291): CFilterChain->run()
#15 /var/www/frotas/protected/vendor/framework/web/CController.php(265): VeiculosController->runActionWithFilters()
#16 /var/www/frotas/protected/vendor/framework/web/CWebApplication.php(282): VeiculosController->run()
#17 /var/www/frotas/protected/vendor/framework/web/CWebApplication.php(141): CWebApplication->runController()
#18 /var/www/frotas/protected/vendor/framework/base/CApplication.php(180): CWebApplication->processRequest()
#19 /var/www/frotas/index.php(13): CWebApplication->run()
REQUEST_URI=/frotas/index.php?r=veiculos/create
in /var/www/frotas/protected/views/veiculos/_form.php (97)
in /var/www/frotas/protected/views/veiculos/create.php (18)
in /var/www/frotas/protected/controllers/VeiculosController.php (91)
2014/05/14 01:11:36 [error] [php] Use of undefined constant frotas - assumed 'frotas' (/var/www/frotas/protected/views/veiculos/_form.php:97)
Stack trace:
#0 /var/www/frotas/protected/vendor/framework/web/CController.php(869): VeiculosController->renderFile()
#1 /var/www/frotas/protected/views/veiculos/create.php(18): VeiculosController->renderPartial()
#2 /var/www/frotas/protected/vendor/framework/web/CBaseController.php(126): require()
#3 /var/www/frotas/protected/vendor/framework/web/CBaseController.php(95): VeiculosController->renderInternal()
#4 /var/www/frotas/protected/vendor/framework/web/CController.php(869): VeiculosController->renderFile()
#5 /var/www/frotas/protected/vendor/framework/web/CController.php(782): VeiculosController->renderPartial()
#6 /var/www/frotas/protected/controllers/VeiculosController.php(91): VeiculosController->render()
#7 /var/www/frotas/protected/vendor/framework/web/actions/CInlineAction.php(49): VeiculosController->actionCreate()
#8 /var/www/frotas/protected/vendor/framework/web/CController.php(308): CInlineAction->runWithParams()
#9 /var/www/frotas/protected/vendor/framework/web/filters/CFilterChain.php(133): VeiculosController->runAction()
#10 /var/www/frotas/protected/vendor/framework/web/filters/CFilter.php(40): CFilterChain->run()
#11 /var/www/frotas/protected/vendor/framework/web/CController.php(1145): CAccessControlFilter->filter()
#12 /var/www/frotas/protected/vendor/framework/web/filters/CInlineFilter.php(58): VeiculosController->filterAccessControl()
#13 /var/www/frotas/protected/vendor/framework/web/filters/CFilterChain.php(130): CInlineFilter->filter()
#14 /var/www/frotas/protected/vendor/framework/web/CController.php(291): CFilterChain->run()
#15 /var/www/frotas/protected/vendor/framework/web/CController.php(265): VeiculosController->runActionWithFilters()
#16 /var/www/frotas/protected/vendor/framework/web/CWebApplication.php(282): VeiculosController->run()
#17 /var/www/frotas/protected/vendor/framework/web/CWebApplication.php(141): CWebApplication->runController()
#18 /var/www/frotas/protected/vendor/framework/base/CApplication.php(180): CWebApplication->processRequest()
#19 /var/www/frotas/index.php(13): CWebApplication->run()
REQUEST_URI=/frotas/index.php?r=veiculos/create
in /var/www/frotas/protected/views/veiculos/_form.php (97)
in /var/www/frotas/protected/views/veiculos/create.php (18)
in /var/www/frotas/protected/controllers/VeiculosController.php (91)
2014/05/14 01:12:05 [error] [php] Use of undefined constant frotas - assumed 'frotas' (/var/www/frotas/protected/views/veiculos/_form.php:97)
Stack trace:
#0 /var/www/frotas/protected/vendor/framework/web/CController.php(869): VeiculosController->renderFile()
#1 /var/www/frotas/protected/views/veiculos/create.php(18): VeiculosController->renderPartial()
#2 /var/www/frotas/protected/vendor/framework/web/CBaseController.php(126): require()
#3 /var/www/frotas/protected/vendor/framework/web/CBaseController.php(95): VeiculosController->renderInternal()
#4 /var/www/frotas/protected/vendor/framework/web/CController.php(869): VeiculosController->renderFile()
#5 /var/www/frotas/protected/vendor/framework/web/CController.php(782): VeiculosController->renderPartial()
#6 /var/www/frotas/protected/controllers/VeiculosController.php(91): VeiculosController->render()
#7 /var/www/frotas/protected/vendor/framework/web/actions/CInlineAction.php(49): VeiculosController->actionCreate()
#8 /var/www/frotas/protected/vendor/framework/web/CController.php(308): CInlineAction->runWithParams()
#9 /var/www/frotas/protected/vendor/framework/web/filters/CFilterChain.php(133): VeiculosController->runAction()
#10 /var/www/frotas/protected/vendor/framework/web/filters/CFilter.php(40): CFilterChain->run()
#11 /var/www/frotas/protected/vendor/framework/web/CController.php(1145): CAccessControlFilter->filter()
#12 /var/www/frotas/protected/vendor/framework/web/filters/CInlineFilter.php(58): VeiculosController->filterAccessControl()
#13 /var/www/frotas/protected/vendor/framework/web/filters/CFilterChain.php(130): CInlineFilter->filter()
#14 /var/www/frotas/protected/vendor/framework/web/CController.php(291): CFilterChain->run()
#15 /var/www/frotas/protected/vendor/framework/web/CController.php(265): VeiculosController->runActionWithFilters()
#16 /var/www/frotas/protected/vendor/framework/web/CWebApplication.php(282): VeiculosController->run()
#17 /var/www/frotas/protected/vendor/framework/web/CWebApplication.php(141): CWebApplication->runController()
#18 /var/www/frotas/protected/vendor/framework/base/CApplication.php(180): CWebApplication->processRequest()
#19 /var/www/frotas/index.php(13): CWebApplication->run()
REQUEST_URI=/frotas/index.php?r=veiculos/create
in /var/www/frotas/protected/views/veiculos/_form.php (97)
in /var/www/frotas/protected/views/veiculos/create.php (18)
in /var/www/frotas/protected/controllers/VeiculosController.php (91)
2014/05/14 02:05:01 [error] [exception.CHttpException.404] exception 'CHttpException' with message 'Unable to resolve the request "dadosaquisicao".' in /var/www/frotas/protected/vendor/framework/web/CWebApplication.php:286
Stack trace:
#0 /var/www/frotas/protected/vendor/framework/web/CWebApplication.php(141): CWebApplication->runController('dadosaquisicao')
#1 /var/www/frotas/protected/vendor/framework/base/CApplication.php(180): CWebApplication->processRequest()
#2 /var/www/frotas/index.php(13): CApplication->run()
#3 {main}
REQUEST_URI=/frotas/index.php?r=dadosaquisicao
---
2014/05/14 02:05:12 [error] [exception.CHttpException.404] exception 'CHttpException' with message 'Unable to resolve the request "dados_aquisicao".' in /var/www/frotas/protected/vendor/framework/web/CWebApplication.php:286
Stack trace:
#0 /var/www/frotas/protected/vendor/framework/web/CWebApplication.php(141): CWebApplication->runController('dados_aquisicao')
#1 /var/www/frotas/protected/vendor/framework/base/CApplication.php(180): CWebApplication->processRequest()
#2 /var/www/frotas/index.php(13): CApplication->run()
#3 {main}
REQUEST_URI=/frotas/index.php?r=dados_aquisicao
---
2014/05/14 02:05:23 [error] [php] Undefined variable: dados (/var/www/frotas/protected/views/dadosAquisicao/create.php:18)
Stack trace:
#0 /var/www/frotas/protected/vendor/framework/web/CController.php(869): DadosAquisicaoController->renderFile()
#1 /var/www/frotas/protected/vendor/framework/web/CController.php(782): DadosAquisicaoController->renderPartial()
#2 /var/www/frotas/protected/controllers/DadosAquisicaoController.php(84): DadosAquisicaoController->render()
#3 /var/www/frotas/protected/vendor/framework/web/actions/CInlineAction.php(49): DadosAquisicaoController->actionCreate()
#4 /var/www/frotas/protected/vendor/framework/web/CController.php(308): CInlineAction->runWithParams()
#5 /var/www/frotas/protected/vendor/framework/web/filters/CFilterChain.php(133): DadosAquisicaoController->runAction()
#6 /var/www/frotas/protected/vendor/framework/web/filters/CFilter.php(40): CFilterChain->run()
#7 /var/www/frotas/protected/vendor/framework/web/CController.php(1145): CAccessControlFilter->filter()
#8 /var/www/frotas/protected/vendor/framework/web/filters/CInlineFilter.php(58): DadosAquisicaoController->filterAccessControl()
#9 /var/www/frotas/protected/vendor/framework/web/filters/CFilterChain.php(130): CInlineFilter->filter()
#10 /var/www/frotas/protected/vendor/framework/web/CController.php(291): CFilterChain->run()
#11 /var/www/frotas/protected/vendor/framework/web/CController.php(265): DadosAquisicaoController->runActionWithFilters()
#12 /var/www/frotas/protected/vendor/framework/web/CWebApplication.php(282): DadosAquisicaoController->run()
#13 /var/www/frotas/protected/vendor/framework/web/CWebApplication.php(141): CWebApplication->runController()
#14 /var/www/frotas/protected/vendor/framework/base/CApplication.php(180): CWebApplication->processRequest()
#15 /var/www/frotas/index.php(13): CWebApplication->run()
REQUEST_URI=/frotas/index.php?r=dadosAquisicao/create
in /var/www/frotas/protected/views/dadosAquisicao/create.php (18)
in /var/www/frotas/protected/controllers/DadosAquisicaoController.php (84)
in /var/www/frotas/index.php (13)
2014/05/14 02:18:43 [warning] [application] Failed to set unsafe attribute "idfrotas" of "Frotas".
in /var/www/frotas/protected/controllers/DadosAquisicaoController.php (83)
in /var/www/frotas/index.php (13)
2014/05/14 02:18:43 [error] [php] Undefined variable: dados (/var/www/frotas/protected/controllers/DadosAquisicaoController.php:85)
Stack trace:
#0 /var/www/frotas/protected/vendor/framework/web/filters/CFilterChain.php(133): DadosAquisicaoController->runAction()
#1 /var/www/frotas/protected/vendor/framework/web/filters/CFilter.php(40): CFilterChain->run()
#2 /var/www/frotas/protected/vendor/framework/web/CController.php(1145): CAccessControlFilter->filter()
#3 /var/www/frotas/protected/vendor/framework/web/filters/CInlineFilter.php(58): DadosAquisicaoController->filterAccessControl()
#4 /var/www/frotas/protected/vendor/framework/web/filters/CFilterChain.php(130): CInlineFilter->filter()
#5 /var/www/frotas/protected/vendor/framework/web/CController.php(291): CFilterChain->run()
#6 /var/www/frotas/protected/vendor/framework/web/CController.php(265): DadosAquisicaoController->runActionWithFilters()
#7 /var/www/frotas/protected/vendor/framework/web/CWebApplication.php(282): DadosAquisicaoController->run()
#8 /var/www/frotas/protected/vendor/framework/web/CWebApplication.php(141): CWebApplication->runController()
#9 /var/www/frotas/protected/vendor/framework/base/CApplication.php(180): CWebApplication->processRequest()
#10 /var/www/frotas/index.php(13): CWebApplication->run()
REQUEST_URI=/frotas/index.php?r=dadosAquisicao/create
in /var/www/frotas/protected/controllers/DadosAquisicaoController.php (85)
in /var/www/frotas/index.php (13)
2014/05/14 02:19:00 [warning] [application] Failed to set unsafe attribute "idfrotas" of "Frotas".
in /var/www/frotas/protected/controllers/DadosAquisicaoController.php (83)
in /var/www/frotas/index.php (13)
2014/05/14 02:46:20 [error] [system.db.CDbCommand] CDbCommand::execute() failed: SQLSTATE[42S02]: Base table or view not found: 1146 Table 'db_frotas.Empresa_Auditoria' doesn't exist. The SQL statement executed was: INSERT INTO `empresa` (`nome_fantasia`, `razao_social`, `responsavel_proprietario`, `endereco`, `estado`, `cidade`, `telefone`, `celular`, `email`, `cnpj`, `inscricao_estadual`, `inscricao_municipal`, `atividade`, `data_cadastro`, `hora_cadastro`, `status_cadastro`) VALUES (:yp0, :yp1, :yp2, :yp3, :yp4, :yp5, :yp6, :yp7, :yp8, :yp9, :yp10, :yp11, :yp12, :yp13, :yp14, :yp15).
in /var/www/frotas/protected/controllers/EmpresaController.php (75)
in /var/www/frotas/index.php (13)
2014/05/14 02:46:20 [error] [exception.CDbException] exception 'CDbException' with message 'CDbCommand failed to execute the SQL statement: SQLSTATE[42S02]: Base table or view not found: 1146 Table 'db_frotas.Empresa_Auditoria' doesn't exist. The SQL statement executed was: INSERT INTO `empresa` (`nome_fantasia`, `razao_social`, `responsavel_proprietario`, `endereco`, `estado`, `cidade`, `telefone`, `celular`, `email`, `cnpj`, `inscricao_estadual`, `inscricao_municipal`, `atividade`, `data_cadastro`, `hora_cadastro`, `status_cadastro`) VALUES (:yp0, :yp1, :yp2, :yp3, :yp4, :yp5, :yp6, :yp7, :yp8, :yp9, :yp10, :yp11, :yp12, :yp13, :yp14, :yp15)' in /var/www/frotas/protected/vendor/framework/db/CDbCommand.php:358
Stack trace:
#0 /var/www/frotas/protected/vendor/framework/db/ar/CActiveRecord.php(1077): CDbCommand->execute()
#1 /var/www/frotas/protected/vendor/framework/db/ar/CActiveRecord.php(806): CActiveRecord->insert(NULL)
#2 /var/www/frotas/protected/controllers/EmpresaController.php(75): CActiveRecord->save()
#3 /var/www/frotas/protected/vendor/framework/web/actions/CInlineAction.php(49): EmpresaController->actionCreate()
#4 /var/www/frotas/protected/vendor/framework/web/CController.php(308): CInlineAction->runWithParams(Array)
#5 /var/www/frotas/protected/vendor/framework/web/filters/CFilterChain.php(133): CController->runAction(Object(CInlineAction))
#6 /var/www/frotas/protected/vendor/framework/web/filters/CFilter.php(40): CFilterChain->run()
#7 /var/www/frotas/protected/vendor/framework/web/CController.php(1145): CFilter->filter(Object(CFilterChain))
#8 /var/www/frotas/protected/vendor/framework/web/filters/CInlineFilter.php(58): CController->filterAccessControl(Object(CFilterChain))
#9 /var/www/frotas/protected/vendor/framework/web/filters/CFilterChain.php(130): CInlineFilter->filter(Object(CFilterChain))
#10 /var/www/frotas/protected/vendor/framework/web/CController.php(291): CFilterChain->run()
#11 /var/www/frotas/protected/vendor/framework/web/CController.php(265): CController->runActionWithFilters(Object(CInlineAction), Array)
#12 /var/www/frotas/protected/vendor/framework/web/CWebApplication.php(282): CController->run('create')
#13 /var/www/frotas/protected/vendor/framework/web/CWebApplication.php(141): CWebApplication->runController('empresa/create')
#14 /var/www/frotas/protected/vendor/framework/base/CApplication.php(180): CWebApplication->processRequest()
#15 /var/www/frotas/index.php(13): CApplication->run()
#16 {main}
REQUEST_URI=/frotas/index.php?r=empresa/create
HTTP_REFERER=http://localhost/frotas/index.php?r=empresa/create
---
2014/05/14 02:48:31 [warning] [application] Failed to set unsafe attribute "idfrotas" of "Frotas".
in /var/www/frotas/protected/controllers/DadosAquisicaoController.php (83)
in /var/www/frotas/index.php (13)
2014/05/14 02:48:40 [warning] [application] Failed to set unsafe attribute "idfrotas" of "Frotas".
in /var/www/frotas/protected/controllers/DadosAquisicaoController.php (83)
in /var/www/frotas/index.php (13)
2014/05/14 02:57:11 [warning] [application] Failed to set unsafe attribute "idfrotas" of "Frotas".
in /var/www/frotas/protected/controllers/DadosAquisicaoController.php (78)
in /var/www/frotas/index.php (13)
2014/05/14 02:57:17 [warning] [application] Failed to set unsafe attribute "idfrotas" of "Frotas".
in /var/www/frotas/protected/controllers/DadosAquisicaoController.php (78)
in /var/www/frotas/index.php (13)
2014/05/14 02:58:20 [warning] [application] Failed to set unsafe attribute "idfrotas" of "Frotas".
in /var/www/frotas/protected/controllers/DadosAquisicaoController.php (78)
in /var/www/frotas/index.php (13)
2014/05/14 02:58:23 [warning] [application] Failed to set unsafe attribute "idfrotas" of "Frotas".
in /var/www/frotas/protected/controllers/DadosAquisicaoController.php (78)
in /var/www/frotas/index.php (13)
2014/05/14 03:00:57 [warning] [application] Failed to set unsafe attribute "idfrotas" of "Frotas".
in /var/www/frotas/protected/controllers/DadosAquisicaoController.php (79)
in /var/www/frotas/index.php (13)
2014/05/14 03:03:48 [warning] [application] Failed to set unsafe attribute "idfrotas" of "Frotas".
in /var/www/frotas/protected/controllers/DadosAquisicaoController.php (79)
in /var/www/frotas/index.php (13)
2014/05/14 03:05:13 [warning] [application] Failed to set unsafe attribute "idfrotas" of "Frotas".
in /var/www/frotas/protected/controllers/DadosAquisicaoController.php (79)
in /var/www/frotas/index.php (13)
2014/05/14 03:05:32 [warning] [application] Failed to set unsafe attribute "idfrotas" of "Frotas".
in /var/www/frotas/protected/controllers/DadosAquisicaoController.php (79)
in /var/www/frotas/index.php (13)
2014/05/14 03:06:19 [warning] [application] Failed to set unsafe attribute "idfrotas" of "Frotas".
in /var/www/frotas/protected/controllers/DadosAquisicaoController.php (83)
in /var/www/frotas/index.php (13)
2014/05/14 03:09:56 [warning] [application] Failed to set unsafe attribute "idfrotas" of "Frotas".
in /var/www/frotas/protected/controllers/DadosAquisicaoController.php (81)
in /var/www/frotas/index.php (13)
2014/05/14 03:10:01 [warning] [application] Failed to set unsafe attribute "idfrotas" of "Frotas".
in /var/www/frotas/protected/controllers/DadosAquisicaoController.php (81)
in /var/www/frotas/index.php (13)
2014/05/14 03:11:01 [warning] [application] Failed to set unsafe attribute "idfrotas" of "Frotas".
in /var/www/frotas/protected/controllers/DadosAquisicaoController.php (81)
in /var/www/frotas/index.php (13)
2014/05/14 03:11:01 [error] [system.db.CDbCommand] CDbCommand::execute() failed: SQLSTATE[23000]: Integrity constraint violation: 1452 Cannot add or update a child row: a foreign key constraint fails (`db_frotas`.`veiculos`, CONSTRAINT `fk_veiculos_frotas1` FOREIGN KEY (`idfrotas`) REFERENCES `frotas` (`idfrotas`) ON DELETE NO ACTION ON UPDATE NO ACTION). The SQL statement executed was: INSERT INTO `veiculos` (`placa`, `descricao`, `categoria`, `ano_modelo`, `quilometragem`, `renavam`, `chassi`, `data_cadastro`, `hora_cadastro`, `status_cadastro`) VALUES (:yp0, :yp1, :yp2, :yp3, :yp4, :yp5, :yp6, :yp7, :yp8, :yp9).
in /var/www/frotas/protected/controllers/DadosAquisicaoController.php (84)
in /var/www/frotas/index.php (13)
2014/05/14 03:11:01 [error] [exception.CDbException] exception 'CDbException' with message 'CDbCommand failed to execute the SQL statement: SQLSTATE[23000]: Integrity constraint violation: 1452 Cannot add or update a child row: a foreign key constraint fails (`db_frotas`.`veiculos`, CONSTRAINT `fk_veiculos_frotas1` FOREIGN KEY (`idfrotas`) REFERENCES `frotas` (`idfrotas`) ON DELETE NO ACTION ON UPDATE NO ACTION). The SQL statement executed was: INSERT INTO `veiculos` (`placa`, `descricao`, `categoria`, `ano_modelo`, `quilometragem`, `renavam`, `chassi`, `data_cadastro`, `hora_cadastro`, `status_cadastro`) VALUES (:yp0, :yp1, :yp2, :yp3, :yp4, :yp5, :yp6, :yp7, :yp8, :yp9)' in /var/www/frotas/protected/vendor/framework/db/CDbCommand.php:358
Stack trace:
#0 /var/www/frotas/protected/vendor/framework/db/ar/CActiveRecord.php(1077): CDbCommand->execute()
#1 /var/www/frotas/protected/vendor/framework/db/ar/CActiveRecord.php(806): CActiveRecord->insert(NULL)
#2 /var/www/frotas/protected/controllers/DadosAquisicaoController.php(84): CActiveRecord->save(false)
#3 /var/www/frotas/protected/vendor/framework/web/actions/CInlineAction.php(49): DadosAquisicaoController->actionCreate()
#4 /var/www/frotas/protected/vendor/framework/web/CController.php(308): CInlineAction->runWithParams(Array)
#5 /var/www/frotas/protected/vendor/framework/web/filters/CFilterChain.php(133): CController->runAction(Object(CInlineAction))
#6 /var/www/frotas/protected/vendor/framework/web/filters/CFilter.php(40): CFilterChain->run()
#7 /var/www/frotas/protected/vendor/framework/web/CController.php(1145): CFilter->filter(Object(CFilterChain))
#8 /var/www/frotas/protected/vendor/framework/web/filters/CInlineFilter.php(58): CController->filterAccessControl(Object(CFilterChain))
#9 /var/www/frotas/protected/vendor/framework/web/filters/CFilterChain.php(130): CInlineFilter->filter(Object(CFilterChain))
#10 /var/www/frotas/protected/vendor/framework/web/CController.php(291): CFilterChain->run()
#11 /var/www/frotas/protected/vendor/framework/web/CController.php(265): CController->runActionWithFilters(Object(CInlineAction), Array)
#12 /var/www/frotas/protected/vendor/framework/web/CWebApplication.php(282): CController->run('create')
#13 /var/www/frotas/protected/vendor/framework/web/CWebApplication.php(141): CWebApplication->runController('dadosAquisicao/...')
#14 /var/www/frotas/protected/vendor/framework/base/CApplication.php(180): CWebApplication->processRequest()
#15 /var/www/frotas/index.php(13): CApplication->run()
#16 {main}
REQUEST_URI=/frotas/index.php?r=dadosAquisicao/create
HTTP_REFERER=http://localhost/frotas/index.php?r=dadosAquisicao/create
---
2014/05/14 03:13:52 [warning] [application] Failed to set unsafe attribute "idfrotas" of "Frotas".
in /var/www/frotas/protected/controllers/DadosAquisicaoController.php (81)
in /var/www/frotas/index.php (13)
2014/05/14 03:13:52 [error] [system.db.CDbCommand] CDbCommand::execute() failed: SQLSTATE[23000]: Integrity constraint violation: 1452 Cannot add or update a child row: a foreign key constraint fails (`db_frotas`.`veiculos`, CONSTRAINT `fk_veiculos_frotas1` FOREIGN KEY (`idfrotas`) REFERENCES `frotas` (`idfrotas`) ON DELETE NO ACTION ON UPDATE NO ACTION). The SQL statement executed was: INSERT INTO `veiculos` (`placa`, `descricao`, `categoria`, `ano_modelo`, `quilometragem`, `renavam`, `chassi`, `data_cadastro`, `hora_cadastro`, `status_cadastro`) VALUES (:yp0, :yp1, :yp2, :yp3, :yp4, :yp5, :yp6, :yp7, :yp8, :yp9).
in /var/www/frotas/protected/controllers/DadosAquisicaoController.php (84)
in /var/www/frotas/index.php (13)
2014/05/14 03:13:52 [error] [exception.CDbException] exception 'CDbException' with message 'CDbCommand failed to execute the SQL statement: SQLSTATE[23000]: Integrity constraint violation: 1452 Cannot add or update a child row: a foreign key constraint fails (`db_frotas`.`veiculos`, CONSTRAINT `fk_veiculos_frotas1` FOREIGN KEY (`idfrotas`) REFERENCES `frotas` (`idfrotas`) ON DELETE NO ACTION ON UPDATE NO ACTION). The SQL statement executed was: INSERT INTO `veiculos` (`placa`, `descricao`, `categoria`, `ano_modelo`, `quilometragem`, `renavam`, `chassi`, `data_cadastro`, `hora_cadastro`, `status_cadastro`) VALUES (:yp0, :yp1, :yp2, :yp3, :yp4, :yp5, :yp6, :yp7, :yp8, :yp9)' in /var/www/frotas/protected/vendor/framework/db/CDbCommand.php:358
Stack trace:
#0 /var/www/frotas/protected/vendor/framework/db/ar/CActiveRecord.php(1077): CDbCommand->execute()
#1 /var/www/frotas/protected/vendor/framework/db/ar/CActiveRecord.php(806): CActiveRecord->insert(NULL)
#2 /var/www/frotas/protected/controllers/DadosAquisicaoController.php(84): CActiveRecord->save(false)
#3 /var/www/frotas/protected/vendor/framework/web/actions/CInlineAction.php(49): DadosAquisicaoController->actionCreate()
#4 /var/www/frotas/protected/vendor/framework/web/CController.php(308): CInlineAction->runWithParams(Array)
#5 /var/www/frotas/protected/vendor/framework/web/filters/CFilterChain.php(133): CController->runAction(Object(CInlineAction))
#6 /var/www/frotas/protected/vendor/framework/web/filters/CFilter.php(40): CFilterChain->run()
#7 /var/www/frotas/protected/vendor/framework/web/CController.php(1145): CFilter->filter(Object(CFilterChain))
#8 /var/www/frotas/protected/vendor/framework/web/filters/CInlineFilter.php(58): CController->filterAccessControl(Object(CFilterChain))
#9 /var/www/frotas/protected/vendor/framework/web/filters/CFilterChain.php(130): CInlineFilter->filter(Object(CFilterChain))
#10 /var/www/frotas/protected/vendor/framework/web/CController.php(291): CFilterChain->run()
#11 /var/www/frotas/protected/vendor/framework/web/CController.php(265): CController->runActionWithFilters(Object(CInlineAction), Array)
#12 /var/www/frotas/protected/vendor/framework/web/CWebApplication.php(282): CController->run('create')
#13 /var/www/frotas/protected/vendor/framework/web/CWebApplication.php(141): CWebApplication->runController('dadosAquisicao/...')
#14 /var/www/frotas/protected/vendor/framework/base/CApplication.php(180): CWebApplication->processRequest()
#15 /var/www/frotas/index.php(13): CApplication->run()
#16 {main}
REQUEST_URI=/frotas/index.php?r=dadosAquisicao/create
HTTP_REFERER=http://localhost/frotas/index.php?r=dadosAquisicao/create
---
2014/05/14 03:15:20 [warning] [application] Failed to set unsafe attribute "idfrotas" of "Frotas".
in /var/www/frotas/protected/controllers/DadosAquisicaoController.php (81)
in /var/www/frotas/index.php (13)
2014/05/14 03:15:20 [error] [system.db.CDbCommand] CDbCommand::execute() failed: SQLSTATE[23000]: Integrity constraint violation: 1452 Cannot add or update a child row: a foreign key constraint fails (`db_frotas`.`veiculos`, CONSTRAINT `fk_veiculos_frotas1` FOREIGN KEY (`idfrotas`) REFERENCES `frotas` (`idfrotas`) ON DELETE NO ACTION ON UPDATE NO ACTION). The SQL statement executed was: INSERT INTO `veiculos` (`placa`, `descricao`, `categoria`, `ano_modelo`, `quilometragem`, `renavam`, `chassi`, `data_cadastro`, `hora_cadastro`, `status_cadastro`) VALUES (:yp0, :yp1, :yp2, :yp3, :yp4, :yp5, :yp6, :yp7, :yp8, :yp9).
in /var/www/frotas/protected/controllers/DadosAquisicaoController.php (84)
in /var/www/frotas/index.php (13)
2014/05/14 03:15:20 [error] [exception.CDbException] exception 'CDbException' with message 'CDbCommand failed to execute the SQL statement: SQLSTATE[23000]: Integrity constraint violation: 1452 Cannot add or update a child row: a foreign key constraint fails (`db_frotas`.`veiculos`, CONSTRAINT `fk_veiculos_frotas1` FOREIGN KEY (`idfrotas`) REFERENCES `frotas` (`idfrotas`) ON DELETE NO ACTION ON UPDATE NO ACTION). The SQL statement executed was: INSERT INTO `veiculos` (`placa`, `descricao`, `categoria`, `ano_modelo`, `quilometragem`, `renavam`, `chassi`, `data_cadastro`, `hora_cadastro`, `status_cadastro`) VALUES (:yp0, :yp1, :yp2, :yp3, :yp4, :yp5, :yp6, :yp7, :yp8, :yp9)' in /var/www/frotas/protected/vendor/framework/db/CDbCommand.php:358
Stack trace:
#0 /var/www/frotas/protected/vendor/framework/db/ar/CActiveRecord.php(1077): CDbCommand->execute()
#1 /var/www/frotas/protected/vendor/framework/db/ar/CActiveRecord.php(806): CActiveRecord->insert(NULL)
#2 /var/www/frotas/protected/controllers/DadosAquisicaoController.php(84): CActiveRecord->save(false)
#3 /var/www/frotas/protected/vendor/framework/web/actions/CInlineAction.php(49): DadosAquisicaoController->actionCreate()
#4 /var/www/frotas/protected/vendor/framework/web/CController.php(308): CInlineAction->runWithParams(Array)
#5 /var/www/frotas/protected/vendor/framework/web/filters/CFilterChain.php(133): CController->runAction(Object(CInlineAction))
#6 /var/www/frotas/protected/vendor/framework/web/filters/CFilter.php(40): CFilterChain->run()
#7 /var/www/frotas/protected/vendor/framework/web/CController.php(1145): CFilter->filter(Object(CFilterChain))
#8 /var/www/frotas/protected/vendor/framework/web/filters/CInlineFilter.php(58): CController->filterAccessControl(Object(CFilterChain))
#9 /var/www/frotas/protected/vendor/framework/web/filters/CFilterChain.php(130): CInlineFilter->filter(Object(CFilterChain))
#10 /var/www/frotas/protected/vendor/framework/web/CController.php(291): CFilterChain->run()
#11 /var/www/frotas/protected/vendor/framework/web/CController.php(265): CController->runActionWithFilters(Object(CInlineAction), Array)
#12 /var/www/frotas/protected/vendor/framework/web/CWebApplication.php(282): CController->run('create')
#13 /var/www/frotas/protected/vendor/framework/web/CWebApplication.php(141): CWebApplication->runController('dadosAquisicao/...')
#14 /var/www/frotas/protected/vendor/framework/base/CApplication.php(180): CWebApplication->processRequest()
#15 /var/www/frotas/index.php(13): CApplication->run()
#16 {main}
REQUEST_URI=/frotas/index.php?r=dadosAquisicao/create
HTTP_REFERER=http://localhost/frotas/index.php?r=dadosAquisicao/create
---
2014/05/14 03:20:35 [error] [system.db.CDbCommand] CDbCommand::execute() failed: SQLSTATE[23000]: Integrity constraint violation: 1452 Cannot add or update a child row: a foreign key constraint fails (`db_frotas`.`veiculos`, CONSTRAINT `fk_veiculos_dados_aquisicao1` FOREIGN KEY (`iddados_aquisicao`) REFERENCES `dados_aquisicao` (`iddados_aquisicao`) ON DELETE NO ACTION ON UPDATE NO ACTION). The SQL statement executed was: INSERT INTO `veiculos` (`placa`, `descricao`, `categoria`, `ano_modelo`, `quilometragem`, `renavam`, `chassi`, `data_cadastro`, `hora_cadastro`, `status_cadastro`, `idfrotas`) VALUES (:yp0, :yp1, :yp2, :yp3, :yp4, :yp5, :yp6, :yp7, :yp8, :yp9, :yp10).
in /var/www/frotas/protected/controllers/DadosAquisicaoController.php (83)
in /var/www/frotas/index.php (13)
2014/05/14 03:20:35 [error] [exception.CDbException] exception 'CDbException' with message 'CDbCommand failed to execute the SQL statement: SQLSTATE[23000]: Integrity constraint violation: 1452 Cannot add or update a child row: a foreign key constraint fails (`db_frotas`.`veiculos`, CONSTRAINT `fk_veiculos_dados_aquisicao1` FOREIGN KEY (`iddados_aquisicao`) REFERENCES `dados_aquisicao` (`iddados_aquisicao`) ON DELETE NO ACTION ON UPDATE NO ACTION). The SQL statement executed was: INSERT INTO `veiculos` (`placa`, `descricao`, `categoria`, `ano_modelo`, `quilometragem`, `renavam`, `chassi`, `data_cadastro`, `hora_cadastro`, `status_cadastro`, `idfrotas`) VALUES (:yp0, :yp1, :yp2, :yp3, :yp4, :yp5, :yp6, :yp7, :yp8, :yp9, :yp10)' in /var/www/frotas/protected/vendor/framework/db/CDbCommand.php:358
Stack trace:
#0 /var/www/frotas/protected/vendor/framework/db/ar/CActiveRecord.php(1077): CDbCommand->execute()
#1 /var/www/frotas/protected/vendor/framework/db/ar/CActiveRecord.php(806): CActiveRecord->insert(NULL)
#2 /var/www/frotas/protected/controllers/DadosAquisicaoController.php(83): CActiveRecord->save(false)
#3 /var/www/frotas/protected/vendor/framework/web/actions/CInlineAction.php(49): DadosAquisicaoController->actionCreate()
#4 /var/www/frotas/protected/vendor/framework/web/CController.php(308): CInlineAction->runWithParams(Array)
#5 /var/www/frotas/protected/vendor/framework/web/filters/CFilterChain.php(133): CController->runAction(Object(CInlineAction))
#6 /var/www/frotas/protected/vendor/framework/web/filters/CFilter.php(40): CFilterChain->run()
#7 /var/www/frotas/protected/vendor/framework/web/CController.php(1145): CFilter->filter(Object(CFilterChain))
#8 /var/www/frotas/protected/vendor/framework/web/filters/CInlineFilter.php(58): CController->filterAccessControl(Object(CFilterChain))
#9 /var/www/frotas/protected/vendor/framework/web/filters/CFilterChain.php(130): CInlineFilter->filter(Object(CFilterChain))
#10 /var/www/frotas/protected/vendor/framework/web/CController.php(291): CFilterChain->run()
#11 /var/www/frotas/protected/vendor/framework/web/CController.php(265): CController->runActionWithFilters(Object(CInlineAction), Array)
#12 /var/www/frotas/protected/vendor/framework/web/CWebApplication.php(282): CController->run('create')
#13 /var/www/frotas/protected/vendor/framework/web/CWebApplication.php(141): CWebApplication->runController('dadosAquisicao/...')
#14 /var/www/frotas/protected/vendor/framework/base/CApplication.php(180): CWebApplication->processRequest()
#15 /var/www/frotas/index.php(13): CApplication->run()
#16 {main}
REQUEST_URI=/frotas/index.php?r=dadosAquisicao/create
HTTP_REFERER=http://localhost/frotas/index.php?r=dadosAquisicao/create
---
2014/05/14 08:29:32 [error] [system.db.CDbCommand] CDbCommand::execute() failed: SQLSTATE[23000]: Integrity constraint violation: 1452 Cannot add or update a child row: a foreign key constraint fails (`db_frotas`.`frotas`, CONSTRAINT `fk_frotas_empresa1` FOREIGN KEY (`idempresa`) REFERENCES `empresa` (`idempresa`) ON DELETE NO ACTION ON UPDATE NO ACTION). The SQL statement executed was: INSERT INTO `frotas` (`nome`, `descricao`, `objetivo`, `data_cadastro`, `hora_cadastro`, `status_cadastro`, `idempresa`) VALUES (:yp0, :yp1, :yp2, :yp3, :yp4, :yp5, :yp6).
in /var/www/frotas/protected/controllers/FrotasController.php (73)
in /var/www/frotas/index.php (13)
2014/05/14 08:29:32 [error] [exception.CDbException] exception 'CDbException' with message 'CDbCommand failed to execute the SQL statement: SQLSTATE[23000]: Integrity constraint violation: 1452 Cannot add or update a child row: a foreign key constraint fails (`db_frotas`.`frotas`, CONSTRAINT `fk_frotas_empresa1` FOREIGN KEY (`idempresa`) REFERENCES `empresa` (`idempresa`) ON DELETE NO ACTION ON UPDATE NO ACTION). The SQL statement executed was: INSERT INTO `frotas` (`nome`, `descricao`, `objetivo`, `data_cadastro`, `hora_cadastro`, `status_cadastro`, `idempresa`) VALUES (:yp0, :yp1, :yp2, :yp3, :yp4, :yp5, :yp6)' in /var/www/frotas/protected/vendor/framework/db/CDbCommand.php:358
Stack trace:
#0 /var/www/frotas/protected/vendor/framework/db/ar/CActiveRecord.php(1077): CDbCommand->execute()
#1 /var/www/frotas/protected/vendor/framework/db/ar/CActiveRecord.php(806): CActiveRecord->insert(NULL)
#2 /var/www/frotas/protected/controllers/FrotasController.php(73): CActiveRecord->save()
#3 /var/www/frotas/protected/vendor/framework/web/actions/CInlineAction.php(49): FrotasController->actionCreate()
#4 /var/www/frotas/protected/vendor/framework/web/CController.php(308): CInlineAction->runWithParams(Array)
#5 /var/www/frotas/protected/vendor/framework/web/filters/CFilterChain.php(133): CController->runAction(Object(CInlineAction))
#6 /var/www/frotas/protected/vendor/framework/web/filters/CFilter.php(40): CFilterChain->run()
#7 /var/www/frotas/protected/vendor/framework/web/CController.php(1145): CFilter->filter(Object(CFilterChain))
#8 /var/www/frotas/protected/vendor/framework/web/filters/CInlineFilter.php(58): CController->filterAccessControl(Object(CFilterChain))
#9 /var/www/frotas/protected/vendor/framework/web/filters/CFilterChain.php(130): CInlineFilter->filter(Object(CFilterChain))
#10 /var/www/frotas/protected/vendor/framework/web/CController.php(291): CFilterChain->run()
#11 /var/www/frotas/protected/vendor/framework/web/CController.php(265): CController->runActionWithFilters(Object(CInlineAction), Array)
#12 /var/www/frotas/protected/vendor/framework/web/CWebApplication.php(282): CController->run('create')
#13 /var/www/frotas/protected/vendor/framework/web/CWebApplication.php(141): CWebApplication->runController('frotas/create')
#14 /var/www/frotas/protected/vendor/framework/base/CApplication.php(180): CWebApplication->processRequest()
#15 /var/www/frotas/index.php(13): CApplication->run()
#16 {main}
REQUEST_URI=/frotas/index.php?r=frotas/create
HTTP_REFERER=http://localhost/frotas/index.php?r=frotas/create
---
